
intrman_IMPORTS_start
I_CpuSuspendIntr
I_CpuResumeIntr
intrman_IMPORTS_end

modload_IMPORTS_start
I_LoadStartModule
modload_IMPORTS_end

thbase_IMPORTS_start
I_CreateThread
I_DeleteThread
I_StartThread
I_ExitDeleteThread
I_GetThreadId
thbase_IMPORTS_end

thsemap_IMPORTS_start
I_CreateSema
I_DeleteSema
I_SignalSema
I_WaitSema
thsemap_IMPORTS_end

sifman_IMPORTS_start
I_sceSifSetDma
sifman_IMPORTS_end

sifcmd_IMPORTS_start
I_sceSifInitRpc
I_sceSifRegisterRpc
I_sceSifSetRpcQueue
I_sceSifRpcLoop
sifcmd_IMPORTS_end

DECLARE_IMPORT_TABLE(ioman, 1, 1)
I_open
I_close
I_AddDrv
I_DelDrv
END_IMPORT_TABLE

sysclib_IMPORTS_start
I_memcpy
I_memset
I_strlen
I_strncmp
I_strncpy
sysclib_IMPORTS_end

stdio_IMPORTS_start
I_printf
stdio_IMPORTS_end

cdvdman_IMPORTS_start
I_sceCdInit
I_sceCdStop
cdvdman_IMPORTS_end

ps2ip_IMPORTS_start
I_lwip_accept
I_lwip_bind
I_lwip_close
I_lwip_listen
I_lwip_recv
I_lwip_recvfrom
I_lwip_send
I_lwip_sendto
I_lwip_socket
ps2ip_IMPORTS_end
